
 >>>>> started run at 18/03/2021 18:04:12{'data_path': ['/Users/rvieira/VScode_project/calcium-imaging-processing-kata/data/raw'], 'subfolders': [], 'save_path0': '/Users/rvieira/VScode_project/calcium-imaging-processing-kata/data/processed', 'fast_disk': '/Users/rvieira/VScode_project/calcium-imaging-processing-kata/data/processed', 'input_format': 'tif'}
tif
** Found 2250 tifs - converting to binary **
2000 frames of binary, time 106.41 sec.
time 119.67 sec. Wrote 2250 frames per binary for 1 planes
>>>>>>>>>>>>>>>>>>>>> PLANE 0 <<<<<<<<<<<<<<<<<<<<<<
NOTE: not registered / registration forced with ops['do_registration']>1
      (no previous offsets to delete)
----------- REGISTRATION
registering 2250 frames
Reference frame, 27.69 sec.
Registered 2000/2250 in 73.16s
added enhanced mean image
----------- Total 117.07 sec
Registration metrics, 16.58 sec.
NOTE: applying default /Users/rvieira/.suite2p/classifiers/classifier_user.npy
----------- ROI DETECTION
Binning movie in chunks of length 10
Binned movie [198,498,467] in 1.81 sec.
NOTE: estimated spatial scale ~12 pixels, time epochs 1.00, threshold 10.00 
0 ROIs, score=84.43
Detected 459 ROIs, 7.10 sec
After removing overlaps, 447 ROIs remain
----------- Total 10.15 sec.
----------- EXTRACTION
Masks created, 1.09 sec.
Extracted fluorescence from 447 ROIs in 2250 frames, 4.69 sec.
----------- Total 5.96 sec.
----------- CLASSIFICATION
['compact', 'skew', 'npix_norm']
----------- Total 0.04 sec.
----------- SPIKE DECONVOLUTION
----------- Total 0.07 sec.
Plane 0 processed in 149.91 sec (can open in GUI).
total = 269.62 sec.
TOTAL RUNTIME 269.62 sec
